<?xml version="1.0" encoding="UTF-8"?>
<!-- Generated by org.testng.reporters.JUnitXMLReporter -->
<testsuite hostname="LAPTOP-8UTOJL72" ignored="0" name="Surefire test" tests="22" failures="0" timestamp="05 Jun 2021 01:42:05 GMT" time="130.947" errors="0">
  <testcase name="emailboxverify" time="0.056" classname="pf.com.qa.testcases.ForgotpwdPageTest"/>
  <testcase name="forgotpwstextverify" time="0.025" classname="pf.com.qa.testcases.ForgotpwdPageTest"/>
  <testcase name="homepagetitle" time="0.007" classname="pf.com.qa.testcases.HomePageTest"/>
  <testcase name="signoutbtntest" time="0.03" classname="pf.com.qa.testcases.HomePageTest"/>
  <testcase name="verifycorrectlogin" time="0.043" classname="pf.com.qa.testcases.HomePageTest"/>
  <testcase name="correctEmailemptyPwdTest" time="0.815" classname="pf.com.qa.testcases.LoginPageTest"/>
  <testcase name="correctEmailwronPwdTest" time="1.245" classname="pf.com.qa.testcases.LoginPageTest"/>
  <testcase name="emailboxverifytest" time="0.064" classname="pf.com.qa.testcases.LoginPageTest"/>
  <testcase name="emptyEmailcorrectPwdTest" time="1.089" classname="pf.com.qa.testcases.LoginPageTest"/>
  <testcase name="emptyEmailwronPwdTest" time="0.983" classname="pf.com.qa.testcases.LoginPageTest"/>
  <testcase name="forgotpwdLinkTest" time="1.194" classname="pf.com.qa.testcases.LoginPageTest"/>
  <testcase name="invalidEmailcorrectPwdTest" time="0.934" classname="pf.com.qa.testcases.LoginPageTest"/>
  <testcase name="invalidEmailwronPwdTest" time="1.12" classname="pf.com.qa.testcases.LoginPageTest"/>
  <testcase name="loginTitleTest" time="0.003" classname="pf.com.qa.testcases.LoginPageTest"/>
  <testcase name="loginWithIncorrectData" time="0.757" classname="pf.com.qa.testcases.LoginPageTest"/>
  <testcase name="pwdboxVerifyTest" time="0.064" classname="pf.com.qa.testcases.LoginPageTest"/>
  <testcase name="reglinkDispalyedTest" time="0.039" classname="pf.com.qa.testcases.LoginPageTest"/>
  <testcase name="reglinkTextTest" time="0.027" classname="pf.com.qa.testcases.LoginPageTest"/>
  <testcase name="signinbtnEnableTest" time="0.025" classname="pf.com.qa.testcases.LoginPageTest"/>
  <testcase name="verifyForgotPwdTest" time="0.085" classname="pf.com.qa.testcases.LoginPageTest"/>
  <testcase name="wronEmailcorrectPwdTest" time="1.662" classname="pf.com.qa.testcases.LoginPageTest"/>
  <testcase name="wronEmailemtyPwdTest" time="0.657" classname="pf.com.qa.testcases.LoginPageTest"/>
</testsuite> <!-- Surefire test -->
