<?xml version="1.0" encoding="UTF-8"?>
<!-- Generated by org.testng.reporters.JUnitXMLReporter -->
<testsuite hostname="LAPTOP-8UTOJL72" ignored="0" name="Default test" tests="20" failures="0" timestamp="05 Jun 2021 18:59:20 GMT" time="137.88" errors="0">
  <testcase name="correctEmailemptyPwdTest" time="2.082" classname="pf.com.qa.testcases.LoginPageTest"/>
  <testcase name="correctEmailwronPwdTest" time="2.811" classname="pf.com.qa.testcases.LoginPageTest"/>
  <testcase name="emailboxverifytest" time="0.073" classname="pf.com.qa.testcases.LoginPageTest"/>
  <testcase name="emptyEmailcorrectPwdTest" time="1.028" classname="pf.com.qa.testcases.LoginPageTest"/>
  <testcase name="emptyEmailemptyPwdTest" time="0.877" classname="pf.com.qa.testcases.LoginPageTest"/>
  <testcase name="emptyEmailwronPwdTest" time="0.935" classname="pf.com.qa.testcases.LoginPageTest"/>
  <testcase name="forgotpwdLinkTest" time="1.242" classname="pf.com.qa.testcases.LoginPageTest"/>
  <testcase name="invalidEmailcorrectPwdTest" time="3.64" classname="pf.com.qa.testcases.LoginPageTest"/>
  <testcase name="invalidEmailwronPwdTest" time="2.351" classname="pf.com.qa.testcases.LoginPageTest"/>
  <testcase name="loginSuccessfulTest" time="2.815" classname="pf.com.qa.testcases.LoginPageTest"/>
  <testcase name="loginTitleTest" time="0.008" classname="pf.com.qa.testcases.LoginPageTest"/>
  <testcase name="loginWithEnterbtnTest" time="1.484" classname="pf.com.qa.testcases.LoginPageTest"/>
  <testcase name="loginWithIncorrectData" time="1.328" classname="pf.com.qa.testcases.LoginPageTest"/>
  <testcase name="pwdboxVerifyTest" time="0.046" classname="pf.com.qa.testcases.LoginPageTest"/>
  <testcase name="reglinkDispalyedTest" time="0.048" classname="pf.com.qa.testcases.LoginPageTest"/>
  <testcase name="reglinkTextTest" time="0.026" classname="pf.com.qa.testcases.LoginPageTest"/>
  <testcase name="signinbtnEnableTest" time="0.039" classname="pf.com.qa.testcases.LoginPageTest"/>
  <testcase name="verifyForgotPwdTest" time="0.07" classname="pf.com.qa.testcases.LoginPageTest"/>
  <testcase name="wronEmailcorrectPwdTest" time="1.514" classname="pf.com.qa.testcases.LoginPageTest"/>
  <testcase name="wronEmailemtyPwdTest" time="2.934" classname="pf.com.qa.testcases.LoginPageTest"/>
</testsuite> <!-- Default test -->
