<?xml version="1.0" encoding="UTF-8"?>
<!-- Generated by org.testng.reporters.JUnitXMLReporter -->
<testsuite hostname="LAPTOP-8UTOJL72" ignored="0" name="Default test" tests="3" failures="0" timestamp="05 Jun 2021 03:21:09 GMT" time="25.496" errors="0">
  <testcase name="homepagetitle" time="0.014" classname="pf.com.qa.testcases.HomePageTest"/>
  <testcase name="signoutbtntest" time="0.05" classname="pf.com.qa.testcases.HomePageTest"/>
  <testcase name="verifycorrectlogin" time="0.031" classname="pf.com.qa.testcases.HomePageTest"/>
</testsuite> <!-- Default test -->
