<?xml version="1.0" encoding="UTF-8"?>
<!-- Generated by org.testng.reporters.JUnitXMLReporter -->
<testsuite hostname="LAPTOP-8UTOJL72" ignored="0" name="PathFactory Assignment" tests="22" failures="0" timestamp="05 Jun 2021 01:39:01 GMT" time="129.045" errors="0">
  <testcase name="correctEmailemptyPwdTest" time="0.746" classname="pf.com.qa.testcases.LoginPageTest"/>
  <testcase name="correctEmailwronPwdTest" time="0.997" classname="pf.com.qa.testcases.LoginPageTest"/>
  <testcase name="emailboxverifytest" time="0.045" classname="pf.com.qa.testcases.LoginPageTest"/>
  <testcase name="emptyEmailcorrectPwdTest" time="0.687" classname="pf.com.qa.testcases.LoginPageTest"/>
  <testcase name="emptyEmailwronPwdTest" time="0.775" classname="pf.com.qa.testcases.LoginPageTest"/>
  <testcase name="forgotpwdLinkTest" time="1.175" classname="pf.com.qa.testcases.LoginPageTest"/>
  <testcase name="invalidEmailcorrectPwdTest" time="2.412" classname="pf.com.qa.testcases.LoginPageTest"/>
  <testcase name="invalidEmailwronPwdTest" time="1.311" classname="pf.com.qa.testcases.LoginPageTest"/>
  <testcase name="loginTitleTest" time="0.006" classname="pf.com.qa.testcases.LoginPageTest"/>
  <testcase name="loginWithIncorrectData" time="0.873" classname="pf.com.qa.testcases.LoginPageTest"/>
  <testcase name="pwdboxVerifyTest" time="0.056" classname="pf.com.qa.testcases.LoginPageTest"/>
  <testcase name="reglinkDispalyedTest" time="0.036" classname="pf.com.qa.testcases.LoginPageTest"/>
  <testcase name="reglinkTextTest" time="0.039" classname="pf.com.qa.testcases.LoginPageTest"/>
  <testcase name="signinbtnEnableTest" time="0.029" classname="pf.com.qa.testcases.LoginPageTest"/>
  <testcase name="verifyForgotPwdTest" time="0.082" classname="pf.com.qa.testcases.LoginPageTest"/>
  <testcase name="wronEmailcorrectPwdTest" time="0.754" classname="pf.com.qa.testcases.LoginPageTest"/>
  <testcase name="wronEmailemtyPwdTest" time="0.699" classname="pf.com.qa.testcases.LoginPageTest"/>
  <testcase name="homepagetitle" time="0.002" classname="pf.com.qa.testcases.HomePageTest"/>
  <testcase name="signoutbtntest" time="0.036" classname="pf.com.qa.testcases.HomePageTest"/>
  <testcase name="verifycorrectlogin" time="0.041" classname="pf.com.qa.testcases.HomePageTest"/>
  <testcase name="emailboxverify" time="0.032" classname="pf.com.qa.testcases.ForgotpwdPageTest"/>
  <testcase name="forgotpwstextverify" time="0.012" classname="pf.com.qa.testcases.ForgotpwdPageTest"/>
</testsuite> <!-- PathFactory Assignment -->
