<?xml version="1.0" encoding="UTF-8"?>
<testsuite xmlns:xsi="http://www.w3.org/2001/XMLSchema-instance" xsi:noNamespaceSchemaLocation="https://maven.apache.org/surefire/maven-surefire-plugin/xsd/surefire-test-report.xsd" name="TestSuite" time="131.279" tests="22" errors="0" skipped="0" failures="0">
  <properties>
[...]
</properties>
  <testcase name="emailboxverify" classname="pf.com.qa.testcases.ForgotpwdPageTest" time="0.056"/>
  <testcase name="forgotpwstextverify" classname="pf.com.qa.testcases.ForgotpwdPageTest" time="0.026"/>
  <testcase name="homepagetitle" classname="pf.com.qa.testcases.HomePageTest" time="0.008"/>
  <testcase name="signoutbtntest" classname="pf.com.qa.testcases.HomePageTest" time="0.03"/>
  <testcase name="verifycorrectlogin" classname="pf.com.qa.testcases.HomePageTest" time="0.043"/>
  <testcase name="correctEmailemptyPwdTest" classname="pf.com.qa.testcases.LoginPageTest" time="0.816"/>
  <testcase name="correctEmailwronPwdTest" classname="pf.com.qa.testcases.LoginPageTest" time="1.246"/>
  <testcase name="emailboxverifytest" classname="pf.com.qa.testcases.LoginPageTest" time="0.063"/>
  <testcase name="emptyEmailcorrectPwdTest" classname="pf.com.qa.testcases.LoginPageTest" time="1.088"/>
  <testcase name="emptyEmailwronPwdTest" classname="pf.com.qa.testcases.LoginPageTest" time="0.984"/>
  <testcase name="forgotpwdLinkTest" classname="pf.com.qa.testcases.LoginPageTest" time="1.194"/>
  <testcase name="invalidEmailcorrectPwdTest" classname="pf.com.qa.testcases.LoginPageTest" time="0.934"/>
  <testcase name="invalidEmailwronPwdTest" classname="pf.com.qa.testcases.LoginPageTest" time="1.121"/>
  <testcase name="loginTitleTest" classname="pf.com.qa.testcases.LoginPageTest" time="0.002"/>
  <testcase name="loginWithIncorrectData" classname="pf.com.qa.testcases.LoginPageTest" time="0.756"/>
  <testcase name="pwdboxVerifyTest" classname="pf.com.qa.testcases.LoginPageTest" time="0.065"/>
  <testcase name="reglinkDispalyedTest" classname="pf.com.qa.testcases.LoginPageTest" time="0.04"/>
  <testcase name="reglinkTextTest" classname="pf.com.qa.testcases.LoginPageTest" time="0.027"/>
  <testcase name="signinbtnEnableTest" classname="pf.com.qa.testcases.LoginPageTest" time="0.026"/>
  <testcase name="verifyForgotPwdTest" classname="pf.com.qa.testcases.LoginPageTest" time="0.085"/>
  <testcase name="wronEmailcorrectPwdTest" classname="pf.com.qa.testcases.LoginPageTest" time="1.662"/>
  <testcase name="wronEmailemtyPwdTest" classname="pf.com.qa.testcases.LoginPageTest" time="0.657"/>
</testsuite>