<?xml version="1.0" encoding="UTF-8"?>
<testng-results skipped="0" failed="0" ignored="0" total="22" passed="22">
  <reporter-output>
  </reporter-output>
  <suite name="Surefire suite" duration-ms="130947" started-at="2021-06-05T01:39:54Z" finished-at="2021-06-05T01:42:05Z">
    <groups>
    </groups>
    <test name="Surefire test" duration-ms="130947" started-at="2021-06-05T01:39:54Z" finished-at="2021-06-05T01:42:05Z">
      <class name="pf.com.qa.testcases.LoginPageTest">
        <test-method status="PASS" signature="setUp()[pri:0, instance:pf.com.qa.testcases.LoginPageTest@6be46e8f]" name="setUp" is-config="true" duration-ms="4265" started-at="2021-06-04T18:40:27Z" finished-at="2021-06-04T18:40:32Z">
          <reporter-output>
          </reporter-output>
        </test-method> <!-- setUp -->
        <test-method status="PASS" signature="correctEmailemptyPwdTest()[pri:0, instance:pf.com.qa.testcases.LoginPageTest@6be46e8f]" name="correctEmailemptyPwdTest" duration-ms="815" started-at="2021-06-04T18:40:32Z" finished-at="2021-06-04T18:40:32Z">
          <reporter-output>
          </reporter-output>
        </test-method> <!-- correctEmailemptyPwdTest -->
        <test-method status="PASS" signature="tearDown()[pri:0, instance:pf.com.qa.testcases.LoginPageTest@6be46e8f]" name="tearDown" is-config="true" duration-ms="656" started-at="2021-06-04T18:40:32Z" finished-at="2021-06-04T18:40:33Z">
          <reporter-output>
          </reporter-output>
        </test-method> <!-- tearDown -->
        <test-method status="PASS" signature="setUp()[pri:0, instance:pf.com.qa.testcases.LoginPageTest@6be46e8f]" name="setUp" is-config="true" duration-ms="4541" started-at="2021-06-04T18:40:33Z" finished-at="2021-06-04T18:40:38Z">
          <reporter-output>
          </reporter-output>
        </test-method> <!-- setUp -->
        <test-method status="PASS" signature="correctEmailwronPwdTest()[pri:0, instance:pf.com.qa.testcases.LoginPageTest@6be46e8f]" name="correctEmailwronPwdTest" duration-ms="1245" started-at="2021-06-04T18:40:38Z" finished-at="2021-06-04T18:40:39Z">
          <reporter-output>
          </reporter-output>
        </test-method> <!-- correctEmailwronPwdTest -->
        <test-method status="PASS" signature="tearDown()[pri:0, instance:pf.com.qa.testcases.LoginPageTest@6be46e8f]" name="tearDown" is-config="true" duration-ms="557" started-at="2021-06-04T18:40:39Z" finished-at="2021-06-04T18:40:39Z">
          <reporter-output>
          </reporter-output>
        </test-method> <!-- tearDown -->
        <test-method status="PASS" signature="setUp()[pri:0, instance:pf.com.qa.testcases.LoginPageTest@6be46e8f]" name="setUp" is-config="true" duration-ms="4342" started-at="2021-06-04T18:40:39Z" finished-at="2021-06-04T18:40:44Z">
          <reporter-output>
          </reporter-output>
        </test-method> <!-- setUp -->
        <test-method status="PASS" signature="emailboxverifytest()[pri:0, instance:pf.com.qa.testcases.LoginPageTest@6be46e8f]" name="emailboxverifytest" duration-ms="64" started-at="2021-06-04T18:40:44Z" finished-at="2021-06-04T18:40:44Z">
          <reporter-output>
          </reporter-output>
        </test-method> <!-- emailboxverifytest -->
        <test-method status="PASS" signature="tearDown()[pri:0, instance:pf.com.qa.testcases.LoginPageTest@6be46e8f]" name="tearDown" is-config="true" duration-ms="564" started-at="2021-06-04T18:40:44Z" finished-at="2021-06-04T18:40:44Z">
          <reporter-output>
          </reporter-output>
        </test-method> <!-- tearDown -->
        <test-method status="PASS" signature="setUp()[pri:0, instance:pf.com.qa.testcases.LoginPageTest@6be46e8f]" name="setUp" is-config="true" duration-ms="4691" started-at="2021-06-04T18:40:44Z" finished-at="2021-06-04T18:40:49Z">
          <reporter-output>
          </reporter-output>
        </test-method> <!-- setUp -->
        <test-method status="PASS" signature="emptyEmailcorrectPwdTest()[pri:0, instance:pf.com.qa.testcases.LoginPageTest@6be46e8f]" name="emptyEmailcorrectPwdTest" duration-ms="1089" started-at="2021-06-04T18:40:49Z" finished-at="2021-06-04T18:40:50Z">
          <reporter-output>
          </reporter-output>
        </test-method> <!-- emptyEmailcorrectPwdTest -->
        <test-method status="PASS" signature="tearDown()[pri:0, instance:pf.com.qa.testcases.LoginPageTest@6be46e8f]" name="tearDown" is-config="true" duration-ms="580" started-at="2021-06-04T18:40:50Z" finished-at="2021-06-04T18:40:51Z">
          <reporter-output>
          </reporter-output>
        </test-method> <!-- tearDown -->
        <test-method status="PASS" signature="setUp()[pri:0, instance:pf.com.qa.testcases.LoginPageTest@6be46e8f]" name="setUp" is-config="true" duration-ms="4336" started-at="2021-06-04T18:40:51Z" finished-at="2021-06-04T18:40:55Z">
          <reporter-output>
          </reporter-output>
        </test-method> <!-- setUp -->
        <test-method status="PASS" signature="emptyEmailwronPwdTest()[pri:0, instance:pf.com.qa.testcases.LoginPageTest@6be46e8f]" name="emptyEmailwronPwdTest" duration-ms="983" started-at="2021-06-04T18:40:55Z" finished-at="2021-06-04T18:40:56Z">
          <reporter-output>
          </reporter-output>
        </test-method> <!-- emptyEmailwronPwdTest -->
        <test-method status="PASS" signature="tearDown()[pri:0, instance:pf.com.qa.testcases.LoginPageTest@6be46e8f]" name="tearDown" is-config="true" duration-ms="657" started-at="2021-06-04T18:40:56Z" finished-at="2021-06-04T18:40:57Z">
          <reporter-output>
          </reporter-output>
        </test-method> <!-- tearDown -->
        <test-method status="PASS" signature="setUp()[pri:0, instance:pf.com.qa.testcases.LoginPageTest@6be46e8f]" name="setUp" is-config="true" duration-ms="4783" started-at="2021-06-04T18:40:57Z" finished-at="2021-06-04T18:41:01Z">
          <reporter-output>
          </reporter-output>
        </test-method> <!-- setUp -->
        <test-method status="PASS" signature="forgotpwdLinkTest()[pri:0, instance:pf.com.qa.testcases.LoginPageTest@6be46e8f]" name="forgotpwdLinkTest" duration-ms="1194" started-at="2021-06-04T18:41:01Z" finished-at="2021-06-04T18:41:03Z">
          <reporter-output>
          </reporter-output>
        </test-method> <!-- forgotpwdLinkTest -->
        <test-method status="PASS" signature="tearDown()[pri:0, instance:pf.com.qa.testcases.LoginPageTest@6be46e8f]" name="tearDown" is-config="true" duration-ms="529" started-at="2021-06-04T18:41:03Z" finished-at="2021-06-04T18:41:03Z">
          <reporter-output>
          </reporter-output>
        </test-method> <!-- tearDown -->
        <test-method status="PASS" signature="setUp()[pri:0, instance:pf.com.qa.testcases.LoginPageTest@6be46e8f]" name="setUp" is-config="true" duration-ms="4832" started-at="2021-06-04T18:41:03Z" finished-at="2021-06-04T18:41:08Z">
          <reporter-output>
          </reporter-output>
        </test-method> <!-- setUp -->
        <test-method status="PASS" signature="invalidEmailcorrectPwdTest()[pri:0, instance:pf.com.qa.testcases.LoginPageTest@6be46e8f]" name="invalidEmailcorrectPwdTest" duration-ms="934" started-at="2021-06-04T18:41:08Z" finished-at="2021-06-04T18:41:09Z">
          <reporter-output>
          </reporter-output>
        </test-method> <!-- invalidEmailcorrectPwdTest -->
        <test-method status="PASS" signature="tearDown()[pri:0, instance:pf.com.qa.testcases.LoginPageTest@6be46e8f]" name="tearDown" is-config="true" duration-ms="634" started-at="2021-06-04T18:41:09Z" finished-at="2021-06-04T18:41:10Z">
          <reporter-output>
          </reporter-output>
        </test-method> <!-- tearDown -->
        <test-method status="PASS" signature="setUp()[pri:0, instance:pf.com.qa.testcases.LoginPageTest@6be46e8f]" name="setUp" is-config="true" duration-ms="4298" started-at="2021-06-04T18:41:10Z" finished-at="2021-06-04T18:41:14Z">
          <reporter-output>
          </reporter-output>
        </test-method> <!-- setUp -->
        <test-method status="PASS" signature="invalidEmailwronPwdTest()[pri:0, instance:pf.com.qa.testcases.LoginPageTest@6be46e8f]" name="invalidEmailwronPwdTest" duration-ms="1120" started-at="2021-06-04T18:41:14Z" finished-at="2021-06-04T18:41:15Z">
          <reporter-output>
          </reporter-output>
        </test-method> <!-- invalidEmailwronPwdTest -->
        <test-method status="PASS" signature="tearDown()[pri:0, instance:pf.com.qa.testcases.LoginPageTest@6be46e8f]" name="tearDown" is-config="true" duration-ms="574" started-at="2021-06-04T18:41:15Z" finished-at="2021-06-04T18:41:16Z">
          <reporter-output>
          </reporter-output>
        </test-method> <!-- tearDown -->
        <test-method status="PASS" signature="setUp()[pri:0, instance:pf.com.qa.testcases.LoginPageTest@6be46e8f]" name="setUp" is-config="true" duration-ms="4174" started-at="2021-06-04T18:41:16Z" finished-at="2021-06-04T18:41:20Z">
          <reporter-output>
          </reporter-output>
        </test-method> <!-- setUp -->
        <test-method status="PASS" signature="loginTitleTest()[pri:0, instance:pf.com.qa.testcases.LoginPageTest@6be46e8f]" name="loginTitleTest" duration-ms="3" started-at="2021-06-04T18:41:20Z" finished-at="2021-06-04T18:41:20Z">
          <reporter-output>
          </reporter-output>
        </test-method> <!-- loginTitleTest -->
        <test-method status="PASS" signature="tearDown()[pri:0, instance:pf.com.qa.testcases.LoginPageTest@6be46e8f]" name="tearDown" is-config="true" duration-ms="544" started-at="2021-06-04T18:41:20Z" finished-at="2021-06-04T18:41:20Z">
          <reporter-output>
          </reporter-output>
        </test-method> <!-- tearDown -->
        <test-method status="PASS" signature="setUp()[pri:0, instance:pf.com.qa.testcases.LoginPageTest@6be46e8f]" name="setUp" is-config="true" duration-ms="4388" started-at="2021-06-04T18:41:20Z" finished-at="2021-06-04T18:41:25Z">
          <reporter-output>
          </reporter-output>
        </test-method> <!-- setUp -->
        <test-method status="PASS" signature="loginWithIncorrectData()[pri:0, instance:pf.com.qa.testcases.LoginPageTest@6be46e8f]" name="loginWithIncorrectData" duration-ms="757" started-at="2021-06-04T18:41:25Z" finished-at="2021-06-04T18:41:25Z">
          <reporter-output>
          </reporter-output>
        </test-method> <!-- loginWithIncorrectData -->
        <test-method status="PASS" signature="tearDown()[pri:0, instance:pf.com.qa.testcases.LoginPageTest@6be46e8f]" name="tearDown" is-config="true" duration-ms="586" started-at="2021-06-04T18:41:25Z" finished-at="2021-06-04T18:41:26Z">
          <reporter-output>
          </reporter-output>
        </test-method> <!-- tearDown -->
        <test-method status="PASS" signature="setUp()[pri:0, instance:pf.com.qa.testcases.LoginPageTest@6be46e8f]" name="setUp" is-config="true" duration-ms="4520" started-at="2021-06-04T18:41:26Z" finished-at="2021-06-04T18:41:31Z">
          <reporter-output>
          </reporter-output>
        </test-method> <!-- setUp -->
        <test-method status="PASS" signature="pwdboxVerifyTest()[pri:0, instance:pf.com.qa.testcases.LoginPageTest@6be46e8f]" name="pwdboxVerifyTest" duration-ms="64" started-at="2021-06-04T18:41:31Z" finished-at="2021-06-04T18:41:31Z">
          <reporter-output>
          </reporter-output>
        </test-method> <!-- pwdboxVerifyTest -->
        <test-method status="PASS" signature="tearDown()[pri:0, instance:pf.com.qa.testcases.LoginPageTest@6be46e8f]" name="tearDown" is-config="true" duration-ms="657" started-at="2021-06-04T18:41:31Z" finished-at="2021-06-04T18:41:31Z">
          <reporter-output>
          </reporter-output>
        </test-method> <!-- tearDown -->
        <test-method status="PASS" signature="setUp()[pri:0, instance:pf.com.qa.testcases.LoginPageTest@6be46e8f]" name="setUp" is-config="true" duration-ms="4864" started-at="2021-06-04T18:41:31Z" finished-at="2021-06-04T18:41:36Z">
          <reporter-output>
          </reporter-output>
        </test-method> <!-- setUp -->
        <test-method status="PASS" signature="reglinkDispalyedTest()[pri:0, instance:pf.com.qa.testcases.LoginPageTest@6be46e8f]" name="reglinkDispalyedTest" duration-ms="39" started-at="2021-06-04T18:41:36Z" finished-at="2021-06-04T18:41:36Z">
          <reporter-output>
          </reporter-output>
        </test-method> <!-- reglinkDispalyedTest -->
        <test-method status="PASS" signature="tearDown()[pri:0, instance:pf.com.qa.testcases.LoginPageTest@6be46e8f]" name="tearDown" is-config="true" duration-ms="563" started-at="2021-06-04T18:41:36Z" finished-at="2021-06-04T18:41:37Z">
          <reporter-output>
          </reporter-output>
        </test-method> <!-- tearDown -->
        <test-method status="PASS" signature="setUp()[pri:0, instance:pf.com.qa.testcases.LoginPageTest@6be46e8f]" name="setUp" is-config="true" duration-ms="4449" started-at="2021-06-04T18:41:37Z" finished-at="2021-06-04T18:41:41Z">
          <reporter-output>
          </reporter-output>
        </test-method> <!-- setUp -->
        <test-method status="PASS" signature="reglinkTextTest()[pri:0, instance:pf.com.qa.testcases.LoginPageTest@6be46e8f]" name="reglinkTextTest" duration-ms="27" started-at="2021-06-04T18:41:41Z" finished-at="2021-06-04T18:41:41Z">
          <reporter-output>
          </reporter-output>
        </test-method> <!-- reglinkTextTest -->
        <test-method status="PASS" signature="tearDown()[pri:0, instance:pf.com.qa.testcases.LoginPageTest@6be46e8f]" name="tearDown" is-config="true" duration-ms="534" started-at="2021-06-04T18:41:41Z" finished-at="2021-06-04T18:41:42Z">
          <reporter-output>
          </reporter-output>
        </test-method> <!-- tearDown -->
        <test-method status="PASS" signature="setUp()[pri:0, instance:pf.com.qa.testcases.LoginPageTest@6be46e8f]" name="setUp" is-config="true" duration-ms="4263" started-at="2021-06-04T18:41:42Z" finished-at="2021-06-04T18:41:46Z">
          <reporter-output>
          </reporter-output>
        </test-method> <!-- setUp -->
        <test-method status="PASS" signature="signinbtnEnableTest()[pri:0, instance:pf.com.qa.testcases.LoginPageTest@6be46e8f]" name="signinbtnEnableTest" duration-ms="25" started-at="2021-06-04T18:41:46Z" finished-at="2021-06-04T18:41:46Z">
          <reporter-output>
          </reporter-output>
        </test-method> <!-- signinbtnEnableTest -->
        <test-method status="PASS" signature="tearDown()[pri:0, instance:pf.com.qa.testcases.LoginPageTest@6be46e8f]" name="tearDown" is-config="true" duration-ms="569" started-at="2021-06-04T18:41:46Z" finished-at="2021-06-04T18:41:47Z">
          <reporter-output>
          </reporter-output>
        </test-method> <!-- tearDown -->
        <test-method status="PASS" signature="setUp()[pri:0, instance:pf.com.qa.testcases.LoginPageTest@6be46e8f]" name="setUp" is-config="true" duration-ms="4821" started-at="2021-06-04T18:41:47Z" finished-at="2021-06-04T18:41:51Z">
          <reporter-output>
          </reporter-output>
        </test-method> <!-- setUp -->
        <test-method status="PASS" signature="verifyForgotPwdTest()[pri:0, instance:pf.com.qa.testcases.LoginPageTest@6be46e8f]" name="verifyForgotPwdTest" duration-ms="85" started-at="2021-06-04T18:41:51Z" finished-at="2021-06-04T18:41:51Z">
          <reporter-output>
          </reporter-output>
        </test-method> <!-- verifyForgotPwdTest -->
        <test-method status="PASS" signature="tearDown()[pri:0, instance:pf.com.qa.testcases.LoginPageTest@6be46e8f]" name="tearDown" is-config="true" duration-ms="556" started-at="2021-06-04T18:41:51Z" finished-at="2021-06-04T18:41:52Z">
          <reporter-output>
          </reporter-output>
        </test-method> <!-- tearDown -->
        <test-method status="PASS" signature="setUp()[pri:0, instance:pf.com.qa.testcases.LoginPageTest@6be46e8f]" name="setUp" is-config="true" duration-ms="4413" started-at="2021-06-04T18:41:52Z" finished-at="2021-06-04T18:41:56Z">
          <reporter-output>
          </reporter-output>
        </test-method> <!-- setUp -->
        <test-method status="PASS" signature="wronEmailcorrectPwdTest()[pri:0, instance:pf.com.qa.testcases.LoginPageTest@6be46e8f]" name="wronEmailcorrectPwdTest" duration-ms="1662" started-at="2021-06-04T18:41:56Z" finished-at="2021-06-04T18:41:58Z">
          <reporter-output>
          </reporter-output>
        </test-method> <!-- wronEmailcorrectPwdTest -->
        <test-method status="PASS" signature="tearDown()[pri:0, instance:pf.com.qa.testcases.LoginPageTest@6be46e8f]" name="tearDown" is-config="true" duration-ms="563" started-at="2021-06-04T18:41:58Z" finished-at="2021-06-04T18:41:59Z">
          <reporter-output>
          </reporter-output>
        </test-method> <!-- tearDown -->
        <test-method status="PASS" signature="setUp()[pri:0, instance:pf.com.qa.testcases.LoginPageTest@6be46e8f]" name="setUp" is-config="true" duration-ms="4739" started-at="2021-06-04T18:41:59Z" finished-at="2021-06-04T18:42:03Z">
          <reporter-output>
          </reporter-output>
        </test-method> <!-- setUp -->
        <test-method status="PASS" signature="wronEmailemtyPwdTest()[pri:0, instance:pf.com.qa.testcases.LoginPageTest@6be46e8f]" name="wronEmailemtyPwdTest" duration-ms="657" started-at="2021-06-04T18:42:03Z" finished-at="2021-06-04T18:42:04Z">
          <reporter-output>
          </reporter-output>
        </test-method> <!-- wronEmailemtyPwdTest -->
        <test-method status="PASS" signature="tearDown()[pri:0, instance:pf.com.qa.testcases.LoginPageTest@6be46e8f]" name="tearDown" is-config="true" duration-ms="577" started-at="2021-06-04T18:42:04Z" finished-at="2021-06-04T18:42:05Z">
          <reporter-output>
          </reporter-output>
        </test-method> <!-- tearDown -->
      </class> <!-- pf.com.qa.testcases.LoginPageTest -->
      <class name="pf.com.qa.testcases.ForgotpwdPageTest">
        <test-method status="PASS" signature="setUp()[pri:0, instance:pf.com.qa.testcases.ForgotpwdPageTest@2d554825]" name="setUp" is-config="true" duration-ms="7058" started-at="2021-06-04T18:39:54Z" finished-at="2021-06-04T18:40:01Z">
          <reporter-output>
          </reporter-output>
        </test-method> <!-- setUp -->
        <test-method status="PASS" signature="emailboxverify()[pri:0, instance:pf.com.qa.testcases.ForgotpwdPageTest@2d554825]" name="emailboxverify" duration-ms="56" started-at="2021-06-04T18:40:01Z" finished-at="2021-06-04T18:40:01Z">
          <reporter-output>
          </reporter-output>
        </test-method> <!-- emailboxverify -->
        <test-method status="PASS" signature="tearDown()[pri:0, instance:pf.com.qa.testcases.ForgotpwdPageTest@2d554825]" name="tearDown" is-config="true" duration-ms="665" started-at="2021-06-04T18:40:01Z" finished-at="2021-06-04T18:40:01Z">
          <reporter-output>
          </reporter-output>
        </test-method> <!-- tearDown -->
        <test-method status="PASS" signature="setUp()[pri:0, instance:pf.com.qa.testcases.ForgotpwdPageTest@2d554825]" name="setUp" is-config="true" duration-ms="5263" started-at="2021-06-04T18:40:01Z" finished-at="2021-06-04T18:40:07Z">
          <reporter-output>
          </reporter-output>
        </test-method> <!-- setUp -->
        <test-method status="PASS" signature="forgotpwstextverify()[pri:0, instance:pf.com.qa.testcases.ForgotpwdPageTest@2d554825]" name="forgotpwstextverify" duration-ms="25" started-at="2021-06-04T18:40:07Z" finished-at="2021-06-04T18:40:07Z">
          <reporter-output>
          </reporter-output>
        </test-method> <!-- forgotpwstextverify -->
        <test-method status="PASS" signature="tearDown()[pri:0, instance:pf.com.qa.testcases.ForgotpwdPageTest@2d554825]" name="tearDown" is-config="true" duration-ms="536" started-at="2021-06-04T18:40:07Z" finished-at="2021-06-04T18:40:07Z">
          <reporter-output>
          </reporter-output>
        </test-method> <!-- tearDown -->
      </class> <!-- pf.com.qa.testcases.ForgotpwdPageTest -->
      <class name="pf.com.qa.testcases.HomePageTest">
        <test-method status="PASS" signature="setUp()[pri:0, instance:pf.com.qa.testcases.HomePageTest@68837a77]" name="setUp" is-config="true" duration-ms="5976" started-at="2021-06-04T18:40:07Z" finished-at="2021-06-04T18:40:13Z">
          <reporter-output>
          </reporter-output>
        </test-method> <!-- setUp -->
        <test-method status="PASS" signature="homepagetitle()[pri:0, instance:pf.com.qa.testcases.HomePageTest@68837a77]" name="homepagetitle" duration-ms="7" started-at="2021-06-04T18:40:13Z" finished-at="2021-06-04T18:40:13Z">
          <reporter-output>
          </reporter-output>
        </test-method> <!-- homepagetitle -->
        <test-method status="PASS" signature="tearDown()[pri:0, instance:pf.com.qa.testcases.HomePageTest@68837a77]" name="tearDown" is-config="true" duration-ms="570" started-at="2021-06-04T18:40:13Z" finished-at="2021-06-04T18:40:14Z">
          <reporter-output>
          </reporter-output>
        </test-method> <!-- tearDown -->
        <test-method status="PASS" signature="setUp()[pri:0, instance:pf.com.qa.testcases.HomePageTest@68837a77]" name="setUp" is-config="true" duration-ms="5431" started-at="2021-06-04T18:40:14Z" finished-at="2021-06-04T18:40:19Z">
          <reporter-output>
          </reporter-output>
        </test-method> <!-- setUp -->
        <test-method status="PASS" signature="signoutbtntest()[pri:0, instance:pf.com.qa.testcases.HomePageTest@68837a77]" name="signoutbtntest" duration-ms="30" started-at="2021-06-04T18:40:19Z" finished-at="2021-06-04T18:40:19Z">
          <reporter-output>
          </reporter-output>
        </test-method> <!-- signoutbtntest -->
        <test-method status="PASS" signature="tearDown()[pri:0, instance:pf.com.qa.testcases.HomePageTest@68837a77]" name="tearDown" is-config="true" duration-ms="540" started-at="2021-06-04T18:40:19Z" finished-at="2021-06-04T18:40:20Z">
          <reporter-output>
          </reporter-output>
        </test-method> <!-- tearDown -->
        <test-method status="PASS" signature="setUp()[pri:0, instance:pf.com.qa.testcases.HomePageTest@68837a77]" name="setUp" is-config="true" duration-ms="6763" started-at="2021-06-04T18:40:20Z" finished-at="2021-06-04T18:40:27Z">
          <reporter-output>
          </reporter-output>
        </test-method> <!-- setUp -->
        <test-method status="PASS" signature="verifycorrectlogin()[pri:0, instance:pf.com.qa.testcases.HomePageTest@68837a77]" name="verifycorrectlogin" duration-ms="43" started-at="2021-06-04T18:40:27Z" finished-at="2021-06-04T18:40:27Z">
          <reporter-output>
          </reporter-output>
        </test-method> <!-- verifycorrectlogin -->
        <test-method status="PASS" signature="tearDown()[pri:0, instance:pf.com.qa.testcases.HomePageTest@68837a77]" name="tearDown" is-config="true" duration-ms="581" started-at="2021-06-04T18:40:27Z" finished-at="2021-06-04T18:40:27Z">
          <reporter-output>
          </reporter-output>
        </test-method> <!-- tearDown -->
      </class> <!-- pf.com.qa.testcases.HomePageTest -->
    </test> <!-- Surefire test -->
  </suite> <!-- Surefire suite -->
</testng-results>
