<?xml version="1.0" encoding="UTF-8"?>
<testng-results skipped="0" failed="0" ignored="0" total="2" passed="2">
  <reporter-output>
  </reporter-output>
  <suite name="Default suite" duration-ms="17304" started-at="2021-06-05T05:57:56Z" finished-at="2021-06-05T05:58:13Z">
    <groups>
    </groups>
    <test name="Default test" duration-ms="17304" started-at="2021-06-05T05:57:56Z" finished-at="2021-06-05T05:58:13Z">
      <class name="pf.com.qa.testcases.ForgotpwdPageTest">
        <test-method status="PASS" signature="setUp()[pri:0, instance:pf.com.qa.testcases.ForgotpwdPageTest@53b32d7]" name="setUp" is-config="true" duration-ms="9192" started-at="2021-06-04T22:57:56Z" finished-at="2021-06-04T22:58:05Z">
          <reporter-output>
          </reporter-output>
        </test-method> <!-- setUp -->
        <test-method status="PASS" signature="emailboxverify()[pri:0, instance:pf.com.qa.testcases.ForgotpwdPageTest@53b32d7]" name="emailboxverify" duration-ms="94" started-at="2021-06-04T22:58:05Z" finished-at="2021-06-04T22:58:05Z">
          <reporter-output>
          </reporter-output>
        </test-method> <!-- emailboxverify -->
        <test-method status="PASS" signature="tearDown()[pri:0, instance:pf.com.qa.testcases.ForgotpwdPageTest@53b32d7]" name="tearDown" is-config="true" duration-ms="580" started-at="2021-06-04T22:58:05Z" finished-at="2021-06-04T22:58:06Z">
          <reporter-output>
          </reporter-output>
        </test-method> <!-- tearDown -->
        <test-method status="PASS" signature="setUp()[pri:0, instance:pf.com.qa.testcases.ForgotpwdPageTest@53b32d7]" name="setUp" is-config="true" duration-ms="6831" started-at="2021-06-04T22:58:06Z" finished-at="2021-06-04T22:58:13Z">
          <reporter-output>
          </reporter-output>
        </test-method> <!-- setUp -->
        <test-method status="PASS" signature="forgotpwstextverify()[pri:0, instance:pf.com.qa.testcases.ForgotpwdPageTest@53b32d7]" name="forgotpwstextverify" duration-ms="31" started-at="2021-06-04T22:58:13Z" finished-at="2021-06-04T22:58:13Z">
          <reporter-output>
          </reporter-output>
        </test-method> <!-- forgotpwstextverify -->
        <test-method status="PASS" signature="tearDown()[pri:0, instance:pf.com.qa.testcases.ForgotpwdPageTest@53b32d7]" name="tearDown" is-config="true" duration-ms="555" started-at="2021-06-04T22:58:13Z" finished-at="2021-06-04T22:58:13Z">
          <reporter-output>
          </reporter-output>
        </test-method> <!-- tearDown -->
      </class> <!-- pf.com.qa.testcases.ForgotpwdPageTest -->
    </test> <!-- Default test -->
  </suite> <!-- Default suite -->
</testng-results>
